<?xml version="1.0" encoding="UTF-8"?>
<testng-results ignored="0" total="1" passed="0" failed="1" skipped="0">
  <reporter-output>
  </reporter-output>
  <suite started-at="2023-03-15T17:36:25 IST" name="Default suite" finished-at="2023-03-15T17:36:25 IST" duration-ms="74">
    <groups>
    </groups>
    <test started-at="2023-03-15T17:36:25 IST" name="Default test" finished-at="2023-03-15T17:36:25 IST" duration-ms="74">
      <class name="listnerimpPractice.ListnerPractice">
        <test-method is-config="true" signature="BeforeSuiteSetUp()[pri:0, instance:listnerimpPractice.ListnerPractice@75437611]" started-at="2023-03-15T17:36:25 IST" name="BeforeSuiteSetUp" finished-at="2023-03-15T17:36:25 IST" duration-ms="19" status="PASS">
          <reporter-output>
          </reporter-output>
        </test-method> <!-- BeforeSuiteSetUp -->
        <test-method is-config="true" signature="BeforeTestSetUp()[pri:0, instance:listnerimpPractice.ListnerPractice@75437611]" started-at="2023-03-15T17:36:25 IST" name="BeforeTestSetUp" finished-at="2023-03-15T17:36:25 IST" duration-ms="0" status="PASS">
          <reporter-output>
          </reporter-output>
        </test-method> <!-- BeforeTestSetUp -->
        <test-method is-config="true" signature="BeforeclassSetUp()[pri:0, instance:listnerimpPractice.ListnerPractice@75437611]" started-at="2023-03-15T17:36:25 IST" name="BeforeclassSetUp" finished-at="2023-03-15T17:36:25 IST" duration-ms="2" status="PASS">
          <reporter-output>
          </reporter-output>
        </test-method> <!-- BeforeclassSetUp -->
        <test-method is-config="true" signature="BeforeMethodSetUp()[pri:0, instance:listnerimpPractice.ListnerPractice@75437611]" started-at="2023-03-15T17:36:25 IST" name="BeforeMethodSetUp" finished-at="2023-03-15T17:36:25 IST" duration-ms="1" status="PASS">
          <reporter-output>
          </reporter-output>
        </test-method> <!-- BeforeMethodSetUp -->
        <test-method signature="test1()[pri:0, instance:listnerimpPractice.ListnerPractice@75437611]" started-at="2023-03-15T17:36:25 IST" name="test1" finished-at="2023-03-15T17:36:25 IST" duration-ms="8" status="FAIL">
          <exception class="java.lang.Error">
            <message>
              <![CDATA[Unresolved compilation problem: 
The annotation @Listeners is disallowed for this location
]]>
            </message>
            <full-stacktrace>
              <![CDATA[java.lang.Error: Unresolved compilation problem: 
The annotation @Listeners is disallowed for this location

at listnerimpPractice.ListnerPractice.test1(ListnerPractice.java:10)
at java.base/jdk.internal.reflect.NativeMethodAccessorImpl.invoke0(Native Method)
at java.base/jdk.internal.reflect.NativeMethodAccessorImpl.invoke(NativeMethodAccessorImpl.java:78)
at java.base/jdk.internal.reflect.DelegatingMethodAccessorImpl.invoke(DelegatingMethodAccessorImpl.java:43)
at java.base/java.lang.reflect.Method.invoke(Method.java:567)
at org.testng.internal.invokers.MethodInvocationHelper.invokeMethod(MethodInvocationHelper.java:139)
at org.testng.internal.invokers.TestInvoker.invokeMethod(TestInvoker.java:677)
at org.testng.internal.invokers.TestInvoker.invokeTestMethod(TestInvoker.java:221)
at org.testng.internal.invokers.MethodRunner.runInSequence(MethodRunner.java:50)
at org.testng.internal.invokers.TestInvoker$MethodInvocationAgent.invoke(TestInvoker.java:969)
at org.testng.internal.invokers.TestInvoker.invokeTestMethods(TestInvoker.java:194)
at org.testng.internal.invokers.TestMethodWorker.invokeTestMethods(TestMethodWorker.java:148)
at org.testng.internal.invokers.TestMethodWorker.run(TestMethodWorker.java:128)
at java.base/java.util.ArrayList.forEach(ArrayList.java:1511)
at org.testng.TestRunner.privateRun(TestRunner.java:829)
at org.testng.TestRunner.run(TestRunner.java:602)
at org.testng.SuiteRunner.runTest(SuiteRunner.java:437)
at org.testng.SuiteRunner.runSequentially(SuiteRunner.java:431)
at org.testng.SuiteRunner.privateRun(SuiteRunner.java:391)
at org.testng.SuiteRunner.run(SuiteRunner.java:330)
at org.testng.SuiteRunnerWorker.runSuite(SuiteRunnerWorker.java:52)
at org.testng.SuiteRunnerWorker.run(SuiteRunnerWorker.java:95)
at org.testng.TestNG.runSuitesSequentially(TestNG.java:1256)
at org.testng.TestNG.runSuitesLocally(TestNG.java:1176)
at org.testng.TestNG.runSuites(TestNG.java:1099)
at org.testng.TestNG.run(TestNG.java:1067)
at org.testng.remote.AbstractRemoteTestNG.run(AbstractRemoteTestNG.java:115)
at org.testng.remote.RemoteTestNG.initAndRun(RemoteTestNG.java:251)
at org.testng.remote.RemoteTestNG.main(RemoteTestNG.java:77)
]]>
            </full-stacktrace>
          </exception> <!-- java.lang.Error -->
          <reporter-output>
          </reporter-output>
        </test-method> <!-- test1 -->
        <test-method is-config="true" signature="AfterMethodSetUp()[pri:0, instance:listnerimpPractice.ListnerPractice@75437611]" started-at="2023-03-15T17:36:25 IST" name="AfterMethodSetUp" finished-at="2023-03-15T17:36:25 IST" duration-ms="2" status="PASS">
          <reporter-output>
          </reporter-output>
        </test-method> <!-- AfterMethodSetUp -->
        <test-method is-config="true" signature="AfterClass()[pri:0, instance:listnerimpPractice.ListnerPractice@75437611]" started-at="2023-03-15T17:36:25 IST" name="AfterClass" finished-at="2023-03-15T17:36:25 IST" duration-ms="1" status="PASS">
          <reporter-output>
          </reporter-output>
        </test-method> <!-- AfterClass -->
        <test-method is-config="true" signature="AfterTestSetUp()[pri:0, instance:listnerimpPractice.ListnerPractice@75437611]" started-at="2023-03-15T17:36:25 IST" name="AfterTestSetUp" finished-at="2023-03-15T17:36:25 IST" duration-ms="1" status="PASS">
          <reporter-output>
          </reporter-output>
        </test-method> <!-- AfterTestSetUp -->
        <test-method is-config="true" signature="AfterSuiteSetUp()[pri:0, instance:listnerimpPractice.ListnerPractice@75437611]" started-at="2023-03-15T17:36:25 IST" name="AfterSuiteSetUp" finished-at="2023-03-15T17:36:25 IST" duration-ms="0" status="PASS">
          <reporter-output>
          </reporter-output>
        </test-method> <!-- AfterSuiteSetUp -->
      </class> <!-- listnerimpPractice.ListnerPractice -->
    </test> <!-- Default test -->
  </suite> <!-- Default suite -->
</testng-results>
